<?xml version="1.0" encoding="UTF-8"?>
<!-- Generated by org.testng.reporters.JUnitReportReporter -->
<testsuite hostname="DESKTOP-H3R6GON" name="com.TestCases.TestSite2" tests="1" failures="0" timestamp="6 Sep 2017 09:10:50 GMT" time="7.057" errors="0">
  <testcase name="testfunctions2" time="7.057" classname="com.TestCases.TestSite2"/>
</testsuite> <!-- com.TestCases.TestSite2 -->
