<?xml version="1.0" encoding="UTF-8"?>
<!-- Generated by org.testng.reporters.JUnitReportReporter -->
<testsuite hostname="DESKTOP-H3R6GON" name="com.TestCases.TestXLS_code" tests="1" failures="0" timestamp="11 Oct 2017 03:26:49 GMT" time="0.111" errors="0">
  <testcase name="test1" time="0.111" classname="com.TestCases.TestXLS_code"/>
</testsuite> <!-- com.TestCases.TestXLS_code -->
