<?xml version="1.0" encoding="UTF-8"?>
<!-- Generated by org.testng.reporters.JUnitReportReporter -->
<testsuite hostname="DESKTOP-H3R6GON" name="com.TestCases.testSite3" tests="1" failures="0" timestamp="23 Jun 2017 08:03:48 GMT" time="0.145" errors="0">
  <testcase name="test1" time="0.145" classname="com.TestCases.testSite3"/>
</testsuite> <!-- com.TestCases.testSite3 -->
